<?xml version="1.0" encoding="UTF-8"?>
<!-- Generated by org.testng.reporters.JUnitXMLReporter -->
<testsuite ignored="0" hostname="LAPTOP-T7PI7EN2" failures="0" tests="3" name="LoginTest" time="0.086" errors="0" timestamp="2024-08-09T17:21:59 IST">
  <testcase classname="core.Page" name="@BeforeTest openBrowser" time="0.013">
    <skipped/>
  </testcase> <!-- @BeforeTest openBrowser -->
  <testcase classname="core.Page" name="@AfterTest closeBrowser" time="-1.723204318966E9">
    <skipped/>
  </testcase> <!-- @AfterTest closeBrowser -->
  <testcase classname="testcases.LoginTest" name="useridTest" time="0.0">
    <skipped/>
  </testcase> <!-- useridTest -->
  <testcase classname="testcases.LoginTest" name="passwordTest" time="0.0">
    <skipped/>
  </testcase> <!-- passwordTest -->
  <testcase classname="testcases.ShopTest" name="productsearch" time="0.0">
    <skipped/>
  </testcase> <!-- productsearch -->
</testsuite> <!-- LoginTest -->
