<?xml version="1.0" encoding="UTF-8"?>
<!-- Generated by org.testng.reporters.JUnitXMLReporter -->
<testsuite ignored="0" hostname="LAPTOP-T7PI7EN2" failures="0" tests="5" name="LoginTest" time="40.283" errors="0" timestamp="2024-08-16T16:43:44 IST">
  <testcase classname="testcases.LoginTest" name="useridTest" time="7.083"/>
  <testcase classname="testcases.LoginTest" name="passwordTest" time="12.606"/>
  <testcase classname="testcases.ShopTest" name="productsearch" time="5.323"/>
  <testcase classname="testcases.ShopTest" name="productsearch" time="4.132"/>
  <testcase classname="testcases.ShopTest" name="productsearch" time="4.557"/>
</testsuite> <!-- LoginTest -->
