<?xml version="1.0" encoding="UTF-8"?>
<!-- Generated by org.testng.reporters.JUnitXMLReporter -->
<testsuite ignored="0" hostname="LAPTOP-T7PI7EN2" failures="0" tests="1" name="NewUser" time="0.007" errors="0" timestamp="2024-08-16T16:43:44 IST">
  <testcase classname="core.Page" name="@BeforeTest openBrowser" time="0.001">
    <skipped/>
  </testcase> <!-- @BeforeTest openBrowser -->
  <testcase classname="core.Page" name="@AfterTest closeBrowser" time="0.0">
    <skipped/>
  </testcase> <!-- @AfterTest closeBrowser -->
  <testcase classname="testcases.NewUser" name="usertest" time="0.0">
    <skipped/>
  </testcase> <!-- usertest -->
</testsuite> <!-- NewUser -->
